<?xml version="1.0" encoding="UTF-8"?>
<coverage generated="1652892924694" clover="3.2.0">
  <project timestamp="1652892924694" name="All files">
    <metrics statements="70" coveredstatements="70" conditionals="12" coveredconditionals="12" methods="19" coveredmethods="19" elements="101" coveredelements="101" complexity="0" loc="70" ncloc="70" packages="1" files="3" classes="3"/>
    <file name="create-outside-provider-error.ts" path="/Users/horcrux/Work/opensources/react-portal-provider/src/create-outside-provider-error.ts">
      <metrics statements="2" coveredstatements="2" conditionals="0" coveredconditionals="0" methods="1" coveredmethods="1"/>
      <line num="16" count="1" type="stmt"/>
      <line num="20" count="2" type="stmt"/>
    </file>
    <file name="react-portal-provider.tsx" path="/Users/horcrux/Work/opensources/react-portal-provider/src/react-portal-provider.tsx">
      <metrics statements="47" coveredstatements="47" conditionals="8" coveredconditionals="8" methods="14" coveredmethods="14"/>
      <line num="1" count="1" type="stmt"/>
      <line num="13" count="1" type="stmt"/>
      <line num="14" count="1" type="stmt"/>
      <line num="26" count="1" type="stmt"/>
      <line num="27" count="1" type="stmt"/>
      <line num="29" count="1" type="stmt"/>
      <line num="32" count="1" type="stmt"/>
      <line num="43" count="15" type="stmt"/>
      <line num="48" count="1" type="stmt"/>
      <line num="51" count="1" type="stmt"/>
      <line num="52" count="29" type="stmt"/>
      <line num="54" count="29" type="stmt"/>
      <line num="59" count="29" type="stmt"/>
      <line num="61" count="29" type="stmt"/>
      <line num="62" count="12" type="stmt"/>
      <line num="65" count="12" type="stmt"/>
      <line num="67" count="12" type="stmt"/>
      <line num="68" count="12" type="stmt"/>
      <line num="70" count="12" type="stmt"/>
      <line num="72" count="12" type="stmt"/>
      <line num="74" count="12" type="stmt"/>
      <line num="76" count="12" type="stmt"/>
      <line num="79" count="12" type="stmt"/>
      <line num="81" count="3" type="stmt"/>
      <line num="82" count="3" type="stmt"/>
      <line num="83" count="3" type="stmt"/>
      <line num="86" count="3" type="cond" truecount="2" falsecount="0"/>
      <line num="88" count="3" type="cond" truecount="2" falsecount="0"/>
      <line num="90" count="2" type="stmt"/>
      <line num="93" count="2" type="stmt"/>
      <line num="95" count="2" type="stmt"/>
      <line num="97" count="1" type="stmt"/>
      <line num="99" count="1" type="stmt"/>
      <line num="104" count="8" type="stmt"/>
      <line num="105" count="8" type="stmt"/>
      <line num="108" count="8" type="cond" truecount="2" falsecount="0"/>
      <line num="110" count="8" type="cond" truecount="2" falsecount="0"/>
      <line num="112" count="7" type="stmt"/>
      <line num="115" count="7" type="stmt"/>
      <line num="116" count="7" type="stmt"/>
      <line num="118" count="1" type="stmt"/>
      <line num="120" count="1" type="stmt"/>
      <line num="127" count="29" type="stmt"/>
      <line num="129" count="1" type="stmt"/>
      <line num="132" count="29" type="stmt"/>
      <line num="133" count="7" type="stmt"/>
      <line num="139" count="29" type="stmt"/>
    </file>
    <file name="use-safe-state.ts" path="/Users/horcrux/Work/opensources/react-portal-provider/src/use-safe-state.ts">
      <metrics statements="21" coveredstatements="21" conditionals="4" coveredconditionals="4" methods="4" coveredmethods="4"/>
      <line num="1" count="2" type="stmt"/>
      <line num="10" count="2" type="stmt"/>
      <line num="11" count="39" type="stmt"/>
      <line num="14" count="39" type="stmt"/>
      <line num="15" count="39" type="stmt"/>
      <line num="18" count="39" type="stmt"/>
      <line num="20" count="39" type="stmt"/>
      <line num="22" count="36" type="stmt"/>
      <line num="24" count="36" type="stmt"/>
      <line num="26" count="36" type="cond" truecount="2" falsecount="0"/>
      <line num="27" count="33" type="stmt"/>
      <line num="30" count="3" type="stmt"/>
      <line num="31" count="3" type="stmt"/>
      <line num="32" count="3" type="stmt"/>
      <line num="33" count="3" type="stmt"/>
      <line num="37" count="39" type="stmt"/>
      <line num="38" count="28" type="cond" truecount="2" falsecount="0"/>
      <line num="39" count="3" type="stmt"/>
      <line num="40" count="3" type="stmt"/>
      <line num="43" count="25" type="stmt"/>
      <line num="47" count="39" type="stmt"/>
    </file>
  </project>
</coverage>
