{"/Users/horcrux/Work/opensources/react-portal-provider/src/create-outside-provider-error.ts": {"path":"/Users/horcrux/Work/opensources/react-portal-provider/src/create-outside-provider-error.ts","statementMap":{"0":{"start":{"line":20,"column":2},"end":{"line":22,"column":4}},"1":{"start":{"line":16,"column":0},"end":{"line":16,"column":16}}},"fnMap":{"0":{"name":"createOutsideProviderError","decl":{"start":{"line":16,"column":16},"end":{"line":16,"column":42}},"loc":{"start":{"line":18,"column":16},"end":{"line":23,"column":1}}}},"branchMap":{},"s":{"0":2,"1":1},"f":{"0":2},"b":{}}
,"/Users/horcrux/Work/opensources/react-portal-provider/src/react-portal-provider.tsx": {"path":"/Users/horcrux/Work/opensources/react-portal-provider/src/react-portal-provider.tsx","statementMap":{"0":{"start":{"line":1,"column":0},"end":{"line":1,"column":null}},"1":{"start":{"line":13,"column":0},"end":{"line":13,"column":77}},"2":{"start":{"line":14,"column":0},"end":{"line":14,"column":48}},"3":{"start":{"line":27,"column":2},"end":{"line":34,"column":5}},"4":{"start":{"line":29,"column":6},"end":{"line":29,"column":66}},"5":{"start":{"line":32,"column":6},"end":{"line":32,"column":65}},"6":{"start":{"line":26,"column":0},"end":{"line":26,"column":16}},"7":{"start":{"line":43,"column":2},"end":{"line":45,"column":5}},"8":{"start":{"line":51,"column":2},"end":{"line":145,"column":4}},"9":{"start":{"line":52,"column":25},"end":{"line":52,"column":31}},"10":{"start":{"line":54,"column":10},"end":{"line":54,"column":69}},"11":{"start":{"line":54,"column":19},"end":{"line":54,"column":21}},"12":{"start":{"line":54,"column":32},"end":{"line":54,"column":36}},"13":{"start":{"line":59,"column":18},"end":{"line":59,"column":27}},"14":{"start":{"line":61,"column":19},"end":{"line":125,"column":10}},"15":{"start":{"line":62,"column":17},"end":{"line":62,"column":32}},"16":{"start":{"line":65,"column":41},"end":{"line":65,"column":45}},"17":{"start":{"line":67,"column":6},"end":{"line":77,"column":9}},"18":{"start":{"line":68,"column":22},"end":{"line":68,"column":35}},"19":{"start":{"line":70,"column":23},"end":{"line":70,"column":48}},"20":{"start":{"line":72,"column":8},"end":{"line":72,"column":25}},"21":{"start":{"line":74,"column":8},"end":{"line":74,"column":27}},"22":{"start":{"line":76,"column":8},"end":{"line":76,"column":21}},"23":{"start":{"line":79,"column":6},"end":{"line":124,"column":8}},"24":{"start":{"line":81,"column":10},"end":{"line":101,"column":13}},"25":{"start":{"line":82,"column":26},"end":{"line":82,"column":39}},"26":{"start":{"line":83,"column":27},"end":{"line":83,"column":56}},"27":{"start":{"line":86,"column":26},"end":{"line":86,"column":63}},"28":{"start":{"line":88,"column":12},"end":{"line":100,"column":null}},"29":{"start":{"line":90,"column":14},"end":{"line":90,"column":45}},"30":{"start":{"line":93,"column":14},"end":{"line":93,"column":31}},"31":{"start":{"line":95,"column":14},"end":{"line":95,"column":27}},"32":{"start":{"line":97,"column":14},"end":{"line":97,"column":29}},"33":{"start":{"line":99,"column":14},"end":{"line":99,"column":27}},"34":{"start":{"line":104,"column":10},"end":{"line":122,"column":13}},"35":{"start":{"line":105,"column":26},"end":{"line":105,"column":39}},"36":{"start":{"line":108,"column":26},"end":{"line":108,"column":63}},"37":{"start":{"line":110,"column":12},"end":{"line":121,"column":null}},"38":{"start":{"line":112,"column":14},"end":{"line":112,"column":37}},"39":{"start":{"line":115,"column":14},"end":{"line":115,"column":29}},"40":{"start":{"line":116,"column":14},"end":{"line":116,"column":27}},"41":{"start":{"line":118,"column":14},"end":{"line":118,"column":29}},"42":{"start":{"line":120,"column":14},"end":{"line":120,"column":27}},"43":{"start":{"line":127,"column":18},"end":{"line":130,"column":10}},"44":{"start":{"line":129,"column":6},"end":{"line":129,"column":22}},"45":{"start":{"line":132,"column":18},"end":{"line":137,"column":23}},"46":{"start":{"line":133,"column":6},"end":{"line":136,"column":8}},"47":{"start":{"line":139,"column":4},"end":{"line":144,"column":6}},"48":{"start":{"line":48,"column":0},"end":{"line":48,"column":16}}},"fnMap":{"0":{"name":"createPortalContext","decl":{"start":{"line":26,"column":16},"end":{"line":26,"column":35}},"loc":{"start":{"line":26,"column":35},"end":{"line":35,"column":1}}},"1":{"name":"(anonymous_1)","decl":{"start":{"line":28,"column":4},"end":{"line":28,"column":8}},"loc":{"start":{"line":28,"column":14},"end":{"line":30,"column":5}}},"2":{"name":"(anonymous_2)","decl":{"start":{"line":31,"column":4},"end":{"line":31,"column":8}},"loc":{"start":{"line":31,"column":13},"end":{"line":33,"column":5}}},"3":{"name":"cloneWithKey","decl":{"start":{"line":42,"column":9},"end":{"line":42,"column":21}},"loc":{"start":{"line":42,"column":55},"end":{"line":46,"column":1}}},"4":{"name":"createPortalProvider","decl":{"start":{"line":48,"column":16},"end":{"line":48,"column":36}},"loc":{"start":{"line":49,"column":44},"end":{"line":146,"column":1}}},"5":{"name":"PortalProvider","decl":{"start":{"line":51,"column":18},"end":{"line":51,"column":32}},"loc":{"start":{"line":51,"column":59},"end":{"line":145,"column":3}}},"6":{"name":"(anonymous_6)","decl":{"start":{"line":61,"column":31},"end":{"line":61,"column":32}},"loc":{"start":{"line":61,"column":53},"end":{"line":125,"column":5}}},"7":{"name":"(anonymous_7)","decl":{"start":{"line":67,"column":18},"end":{"line":67,"column":19}},"loc":{"start":{"line":67,"column":24},"end":{"line":77,"column":7}}},"8":{"name":"(anonymous_8)","decl":{"start":{"line":80,"column":8},"end":{"line":80,"column":14}},"loc":{"start":{"line":80,"column":40},"end":{"line":102,"column":9}}},"9":{"name":"(anonymous_9)","decl":{"start":{"line":81,"column":22},"end":{"line":81,"column":23}},"loc":{"start":{"line":81,"column":28},"end":{"line":101,"column":11}}},"10":{"name":"(anonymous_10)","decl":{"start":{"line":103,"column":8},"end":{"line":103,"column":15}},"loc":{"start":{"line":103,"column":8},"end":{"line":123,"column":9}}},"11":{"name":"(anonymous_11)","decl":{"start":{"line":104,"column":22},"end":{"line":104,"column":23}},"loc":{"start":{"line":104,"column":28},"end":{"line":122,"column":11}}},"12":{"name":"(anonymous_12)","decl":{"start":{"line":127,"column":30},"end":{"line":127,"column":null}},"loc":{"start":{"line":127,"column":30},"end":{"line":130,"column":5}}},"13":{"name":"(anonymous_13)","decl":{"start":{"line":132,"column":26},"end":{"line":132,"column":null}},"loc":{"start":{"line":132,"column":26},"end":{"line":137,"column":5}}}},"branchMap":{"0":{"loc":{"start":{"line":86,"column":36},"end":{"line":86,"column":58}},"type":"cond-expr","locations":[{"start":{"line":86,"column":36},"end":{"line":86,"column":58}},{"start":{"line":86,"column":61},"end":{"line":86,"column":63}}]},"1":{"loc":{"start":{"line":88,"column":12},"end":{"line":100,"column":null}},"type":"if","locations":[{"start":{"line":88,"column":12},"end":{"line":100,"column":null}},{"start":{"line":88,"column":12},"end":{"line":100,"column":null}}]},"2":{"loc":{"start":{"line":108,"column":36},"end":{"line":108,"column":58}},"type":"cond-expr","locations":[{"start":{"line":108,"column":36},"end":{"line":108,"column":58}},{"start":{"line":108,"column":61},"end":{"line":108,"column":63}}]},"3":{"loc":{"start":{"line":110,"column":12},"end":{"line":121,"column":null}},"type":"if","locations":[{"start":{"line":110,"column":12},"end":{"line":121,"column":null}},{"start":{"line":110,"column":12},"end":{"line":121,"column":null}}]}},"s":{"0":1,"1":1,"2":1,"3":1,"4":1,"5":1,"6":1,"7":15,"8":1,"9":29,"10":29,"11":29,"12":29,"13":29,"14":29,"15":12,"16":12,"17":12,"18":12,"19":12,"20":12,"21":12,"22":12,"23":12,"24":3,"25":3,"26":3,"27":3,"28":3,"29":2,"30":2,"31":2,"32":1,"33":1,"34":8,"35":8,"36":8,"37":8,"38":7,"39":7,"40":7,"41":1,"42":1,"43":29,"44":1,"45":29,"46":7,"47":29,"48":1},"f":{"0":1,"1":1,"2":1,"3":15,"4":1,"5":29,"6":12,"7":12,"8":3,"9":3,"10":8,"11":8,"12":1,"13":7},"b":{"0":[2,1],"1":[2,1],"2":[7,1],"3":[7,1]}}
,"/Users/horcrux/Work/opensources/react-portal-provider/src/use-safe-state.ts": {"path":"/Users/horcrux/Work/opensources/react-portal-provider/src/use-safe-state.ts","statementMap":{"0":{"start":{"line":1,"column":0},"end":{"line":1,"column":91}},"1":{"start":{"line":11,"column":8},"end":{"line":11,"column":51}},"2":{"start":{"line":11,"column":14},"end":{"line":11,"column":16}},"3":{"start":{"line":11,"column":24},"end":{"line":11,"column":28}},"4":{"start":{"line":14,"column":23},"end":{"line":14,"column":35}},"5":{"start":{"line":15,"column":2},"end":{"line":15,"column":30}},"6":{"start":{"line":18,"column":21},"end":{"line":18,"column":50}},"7":{"start":{"line":20,"column":2},"end":{"line":35,"column":5}},"8":{"start":{"line":22,"column":4},"end":{"line":22,"column":33}},"9":{"start":{"line":24,"column":20},"end":{"line":24,"column":38}},"10":{"start":{"line":26,"column":4},"end":{"line":28,"column":null}},"11":{"start":{"line":27,"column":6},"end":{"line":27,"column":13}},"12":{"start":{"line":30,"column":17},"end":{"line":30,"column":32}},"13":{"start":{"line":31,"column":4},"end":{"line":34,"column":null}},"14":{"start":{"line":32,"column":6},"end":{"line":32,"column":15}},"15":{"start":{"line":33,"column":6},"end":{"line":33,"column":31}},"16":{"start":{"line":37,"column":52},"end":{"line":45,"column":8}},"17":{"start":{"line":38,"column":4},"end":{"line":44,"column":null}},"18":{"start":{"line":39,"column":6},"end":{"line":41,"column":9}},"19":{"start":{"line":40,"column":8},"end":{"line":40,"column":27}},"20":{"start":{"line":43,"column":6},"end":{"line":43,"column":25}},"21":{"start":{"line":47,"column":2},"end":{"line":47,"column":31}},"22":{"start":{"line":10,"column":0},"end":{"line":10,"column":16}}},"fnMap":{"0":{"name":"useSafeState","decl":{"start":{"line":10,"column":16},"end":{"line":10,"column":28}},"loc":{"start":{"line":10,"column":59},"end":{"line":48,"column":1}}},"1":{"name":"(anonymous_1)","decl":{"start":{"line":20,"column":12},"end":{"line":20,"column":null}},"loc":{"start":{"line":20,"column":12},"end":{"line":35,"column":3}}},"2":{"name":"(anonymous_2)","decl":{"start":{"line":37,"column":64},"end":{"line":37,"column":65}},"loc":{"start":{"line":37,"column":92},"end":{"line":45,"column":3}}},"3":{"name":"(anonymous_3)","decl":{"start":{"line":39,"column":30},"end":{"line":39,"column":null}},"loc":{"start":{"line":39,"column":30},"end":{"line":41,"column":7}}}},"branchMap":{"0":{"loc":{"start":{"line":26,"column":4},"end":{"line":28,"column":null}},"type":"if","locations":[{"start":{"line":26,"column":4},"end":{"line":28,"column":null}},{"start":{"line":26,"column":4},"end":{"line":28,"column":null}}]},"1":{"loc":{"start":{"line":38,"column":4},"end":{"line":44,"column":null}},"type":"if","locations":[{"start":{"line":38,"column":4},"end":{"line":44,"column":null}},{"start":{"line":38,"column":4},"end":{"line":44,"column":null}}]}},"s":{"0":2,"1":39,"2":39,"3":39,"4":39,"5":39,"6":39,"7":39,"8":36,"9":36,"10":36,"11":33,"12":3,"13":3,"14":3,"15":3,"16":39,"17":28,"18":3,"19":3,"20":25,"21":39,"22":2},"f":{"0":39,"1":36,"2":28,"3":3},"b":{"0":[33,3],"1":[3,25]}}
}
