TN:
SF:src/create-outside-provider-error.ts
FN:16,createOutsideProviderError
FNF:1
FNH:1
FNDA:2,createOutsideProviderError
DA:16,1
DA:20,2
LF:2
LH:2
BRF:0
BRH:0
end_of_record
TN:
SF:src/react-portal-provider.tsx
FN:26,createPortalContext
FN:28,(anonymous_1)
FN:31,(anonymous_2)
FN:42,cloneWithKey
FN:48,createPortalProvider
FN:51,PortalProvider
FN:61,(anonymous_6)
FN:67,(anonymous_7)
FN:80,(anonymous_8)
FN:81,(anonymous_9)
FN:103,(anonymous_10)
FN:104,(anonymous_11)
FN:127,(anonymous_12)
FN:132,(anonymous_13)
FNF:14
FNH:14
FNDA:1,createPortalContext
FNDA:1,(anonymous_1)
FNDA:1,(anonymous_2)
FNDA:15,cloneWithKey
FNDA:1,createPortalProvider
FNDA:29,PortalProvider
FNDA:12,(anonymous_6)
FNDA:12,(anonymous_7)
FNDA:3,(anonymous_8)
FNDA:3,(anonymous_9)
FNDA:8,(anonymous_10)
FNDA:8,(anonymous_11)
FNDA:1,(anonymous_12)
FNDA:7,(anonymous_13)
DA:1,1
DA:13,1
DA:14,1
DA:26,1
DA:27,1
DA:29,1
DA:32,1
DA:43,15
DA:48,1
DA:51,1
DA:52,29
DA:54,29
DA:59,29
DA:61,29
DA:62,12
DA:65,12
DA:67,12
DA:68,12
DA:70,12
DA:72,12
DA:74,12
DA:76,12
DA:79,12
DA:81,3
DA:82,3
DA:83,3
DA:86,3
DA:88,3
DA:90,2
DA:93,2
DA:95,2
DA:97,1
DA:99,1
DA:104,8
DA:105,8
DA:108,8
DA:110,8
DA:112,7
DA:115,7
DA:116,7
DA:118,1
DA:120,1
DA:127,29
DA:129,1
DA:132,29
DA:133,7
DA:139,29
LF:47
LH:47
BRDA:86,0,0,2
BRDA:86,0,1,1
BRDA:88,1,0,2
BRDA:88,1,1,1
BRDA:108,2,0,7
BRDA:108,2,1,1
BRDA:110,3,0,7
BRDA:110,3,1,1
BRF:8
BRH:8
end_of_record
TN:
SF:src/use-safe-state.ts
FN:10,useSafeState
FN:20,(anonymous_1)
FN:37,(anonymous_2)
FN:39,(anonymous_3)
FNF:4
FNH:4
FNDA:39,useSafeState
FNDA:36,(anonymous_1)
FNDA:28,(anonymous_2)
FNDA:3,(anonymous_3)
DA:1,2
DA:10,2
DA:11,39
DA:14,39
DA:15,39
DA:18,39
DA:20,39
DA:22,36
DA:24,36
DA:26,36
DA:27,33
DA:30,3
DA:31,3
DA:32,3
DA:33,3
DA:37,39
DA:38,28
DA:39,3
DA:40,3
DA:43,25
DA:47,39
LF:21
LH:21
BRDA:26,0,0,33
BRDA:26,0,1,3
BRDA:38,1,0,3
BRDA:38,1,1,25
BRF:4
BRH:4
end_of_record
